C:\USERS\GROOVY\DOCUMENTS\GITHUB\GTAIPROJECT1\AIPROJECT\AIPROJECT\DEBUG\CADVERSARY.OBJ
C:\USERS\GROOVY\DOCUMENTS\GITHUB\GTAIPROJECT1\AIPROJECT\AIPROJECT\DEBUG\CHOMEOBJECT.OBJ
C:\USERS\GROOVY\DOCUMENTS\GITHUB\GTAIPROJECT1\AIPROJECT\AIPROJECT\DEBUG\MAIN.OBJ
C:\USERS\GROOVY\DOCUMENTS\GITHUB\GTAIPROJECT1\AIPROJECT\AIPROJECT\DEBUG\VORONOI.OBJ
C:\USERS\GROOVY\DOCUMENTS\GITHUB\GTAIPROJECT1\AIPROJECT\AIPROJECT\DEBUG\VC110.PDB
C:\Users\grOOvy\Documents\GitHub\GTAIProject1\AIProject\AIProject\Debug\CAdversary.obj
C:\Users\grOOvy\Documents\GitHub\GTAIProject1\AIProject\AIProject\Debug\CHomeObject.obj
C:\Users\grOOvy\Documents\GitHub\GTAIProject1\AIProject\AIProject\Debug\main.obj
C:\Users\grOOvy\Documents\GitHub\GTAIProject1\AIProject\AIProject\Debug\Voronoi.obj
C:\Users\grOOvy\Documents\GitHub\GTAIProject1\AIProject\AIProject\Debug\cl.command.1.tlog
C:\Users\grOOvy\Documents\GitHub\GTAIProject1\AIProject\AIProject\Debug\CL.read.1.tlog
C:\Users\grOOvy\Documents\GitHub\GTAIProject1\AIProject\AIProject\Debug\CL.write.1.tlog
C:\Users\grOOvy\Documents\GitHub\GTAIProject1\AIProject\AIProject\Debug\link-cvtres.read.1.tlog
C:\Users\grOOvy\Documents\GitHub\GTAIProject1\AIProject\AIProject\Debug\link-cvtres.write.1.tlog
C:\Users\grOOvy\Documents\GitHub\GTAIProject1\AIProject\AIProject\Debug\link-rc.read.1.tlog
C:\Users\grOOvy\Documents\GitHub\GTAIProject1\AIProject\AIProject\Debug\link-rc.write.1.tlog
C:\Users\grOOvy\Documents\GitHub\GTAIProject1\AIProject\AIProject\Debug\link.command.1.tlog
C:\Users\grOOvy\Documents\GitHub\GTAIProject1\AIProject\AIProject\Debug\link.read.1.tlog
C:\Users\grOOvy\Documents\GitHub\GTAIProject1\AIProject\AIProject\Debug\link.write.1.tlog
C:\Users\grOOvy\Documents\GitHub\GTAIProject1\AIProject\AIProject\Debug\vc110.idb
C:\Users\grOOvy\Documents\GitHub\GTAIProject1\AIProject\AIProject\Debug\vc110.pdb
C:\Users\grOOvy\Documents\GitHub\GTAIProject1\AIProject\Debug\AIProject.pdb
